[I 11:35:01.468 NotebookApp] Writing notebook server cookie secret to /run/user/1001/jupyter/notebook_cookie_secret
[I 11:35:05.618 NotebookApp] Serving notebooks from local directory: /home/kaelin_joseph/DataOrganizer/jupyter-python
[I 11:35:05.619 NotebookApp] 0 active kernels 
[I 11:35:05.619 NotebookApp] The Jupyter Notebook is running at: http://0.0.0.0:8080/
[I 11:35:05.619 NotebookApp] Use Control-C to stop this server and shut down all kernels (twice to skip confirmation).
[W 11:35:13.923 NotebookApp] Couldn't authenticate WebSocket connection
[W 11:35:14.341 NotebookApp] 403 GET /api/kernels/467c5df8-79e9-43a6-a77b-2649ec39a432/channels?session_id=5035CE4ACB854CC78A3877D0BC828A63 (80.254.184.33) 419.68ms referer=None
[W 11:35:28.927 NotebookApp] Couldn't authenticate WebSocket connection
[W 11:35:28.929 NotebookApp] 403 GET /api/kernels/11aebe77-de09-45d3-bd9a-b394ec45316c/channels?session_id=C151F67F70CF4268A584AB53C0DB3E7B (80.254.184.33) 3.36ms referer=None
[W 11:35:29.000 NotebookApp] Couldn't authenticate WebSocket connection
[W 11:35:29.002 NotebookApp] 403 GET /api/kernels/93ee846d-3c84-443c-a95a-4a0c74366fc1/channels?session_id=E72E3918259B438D847313CE5020DA51 (80.254.184.33) 3.48ms referer=None
[W 11:44:22.397 NotebookApp] 404 GET /manager/html (111.73.46.109) 33.29ms referer=None
[W 12:00:46.659 NotebookApp] 404 GET /bea_wls_deployment_internal (121.43.41.159) 1.90ms referer=None
[W 12:00:49.522 NotebookApp] 404 GET /bea_wls_deployment_internal (121.43.41.159) 1.79ms referer=None
[W 12:02:04.388 NotebookApp] 404 GET http://www.123cha.com (111.85.179.239) 1.87ms referer=None
[W 12:30:06.043 NotebookApp] None
[W 12:30:06.043 NotebookApp] 403 POST /api/kernels/11aebe77-de09-45d3-bd9a-b394ec45316c/restart (80.254.184.33) 2.01ms referer=http://gis.jkaelin.com:8080/notebooks/data_analysis/RogunHPP.SurfaceDXFtoNodesCSV.ipynb
[W 12:30:06.081 NotebookApp] None
[W 12:30:06.082 NotebookApp] 403 DELETE /api/sessions/a5472af8-25a3-43d9-b5e3-531c6de02e25 (80.254.184.33) 1.30ms referer=http://gis.jkaelin.com:8080/notebooks/data_analysis/RogunHPP.SurfaceDXFtoNodesCSV.ipynb
[W 12:30:06.175 NotebookApp] None
[W 12:30:06.175 NotebookApp] 403 POST /api/sessions (80.254.184.33) 1.53ms referer=http://gis.jkaelin.com:8080/notebooks/data_analysis/RogunHPP.SurfaceDXFtoNodesCSV.ipynb
[I 12:30:12.911 NotebookApp] 302 GET /notebooks/data_analysis/RogunHPP.SurfaceDXFtoNodesCSV.ipynb (80.254.184.33) 0.85ms
[I 12:30:15.803 NotebookApp] 302 POST /login?next=%2Fnotebooks%2Fdata_analysis%2FRogunHPP.SurfaceDXFtoNodesCSV.ipynb (80.254.184.33) 1.20ms
[W 12:30:18.179 NotebookApp] 404 GET /nbextensions/widgets/notebook/js/extension.js?v=20181014113501 (80.254.184.33) 69.37ms referer=http://gis.jkaelin.com:8080/notebooks/data_analysis/RogunHPP.SurfaceDXFtoNodesCSV.ipynb
[I 12:30:19.344 NotebookApp] Kernel started: b7373cfa-4c01-487f-b4cd-47e63f6e5250
[I 12:30:20.528 NotebookApp] Adapting to protocol v5.1 for kernel b7373cfa-4c01-487f-b4cd-47e63f6e5250
[I 12:30:23.241 NotebookApp] Kernel restarted: b7373cfa-4c01-487f-b4cd-47e63f6e5250
[I 12:30:24.113 NotebookApp] Adapting to protocol v5.1 for kernel b7373cfa-4c01-487f-b4cd-47e63f6e5250
[I 12:32:19.714 NotebookApp] Saving file at /data_analysis/RogunHPP.SurfaceDXFtoNodesCSV.ipynb
[I 12:34:19.927 NotebookApp] Saving file at /data_analysis/RogunHPP.SurfaceDXFtoNodesCSV.ipynb
[I 12:36:19.771 NotebookApp] Saving file at /data_analysis/RogunHPP.SurfaceDXFtoNodesCSV.ipynb
[I 12:39:17.047 NotebookApp] Saving file at /data_analysis/RogunHPP.SurfaceDXFtoNodesCSV.ipynb
[I 12:39:17.474 NotebookApp] Saving file at /data_analysis/RogunHPP.SurfaceDXFtoNodesCSV.ipynb
[I 12:40:19.588 NotebookApp] Saving file at /data_analysis/RogunHPP.SurfaceDXFtoNodesCSV.ipynb
[I 12:40:41.936 NotebookApp] Saving file at /data_analysis/RogunHPP.SurfaceDXFtoNodesCSV.ipynb
[I 13:16:19.757 NotebookApp] Saving file at /data_analysis/RogunHPP.SurfaceDXFtoNodesCSV.ipynb
[I 13:18:19.754 NotebookApp] Saving file at /data_analysis/RogunHPP.SurfaceDXFtoNodesCSV.ipynb
[I 13:20:04.651 NotebookApp] Saving file at /data_analysis/RogunHPP.SurfaceDXFtoNodesCSV.ipynb
[I 13:22:19.778 NotebookApp] Saving file at /data_analysis/RogunHPP.SurfaceDXFtoNodesCSV.ipynb
[I 13:22:33.971 NotebookApp] Saving file at /data_analysis/RogunHPP.SurfaceDXFtoNodesCSV.ipynb
[I 13:22:58.377 NotebookApp] Saving file at /data_analysis/RogunHPP.SurfaceDXFtoNodesCSV.ipynb
[I 13:23:31.427 NotebookApp] Saving file at /data_analysis/RogunHPP.SurfaceDXFtoNodesCSV.ipynb
[I 13:24:19.746 NotebookApp] Saving file at /data_analysis/RogunHPP.SurfaceDXFtoNodesCSV.ipynb
[I 13:26:19.599 NotebookApp] Saving file at /data_analysis/RogunHPP.SurfaceDXFtoNodesCSV.ipynb
[I 13:26:52.633 NotebookApp] Saving file at /data_analysis/RogunHPP.SurfaceDXFtoNodesCSV.ipynb
[I 13:28:09.987 NotebookApp] Saving file at /data_analysis/RogunHPP.SurfaceDXFtoNodesCSV.ipynb
[I 13:28:19.592 NotebookApp] Saving file at /data_analysis/RogunHPP.SurfaceDXFtoNodesCSV.ipynb
[I 13:30:19.641 NotebookApp] Saving file at /data_analysis/RogunHPP.SurfaceDXFtoNodesCSV.ipynb
[I 13:30:29.217 NotebookApp] Saving file at /data_analysis/RogunHPP.SurfaceDXFtoNodesCSV.ipynb
[I 13:32:00.288 NotebookApp] Saving file at /data_analysis/RogunHPP.SurfaceDXFtoNodesCSV.ipynb
[I 13:32:03.825 NotebookApp] Saving file at /data_analysis/RogunHPP.SurfaceDXFtoNodesCSV.ipynb
[I 13:33:22.605 NotebookApp] Saving file at /data_analysis/RogunHPP.SurfaceDXFtoNodesCSV.ipynb
[I 13:34:21.121 NotebookApp] Saving file at /data_analysis/RogunHPP.SurfaceDXFtoNodesCSV.ipynb
[I 13:36:20.428 NotebookApp] Saving file at /data_analysis/RogunHPP.SurfaceDXFtoNodesCSV.ipynb
[I 13:37:14.892 NotebookApp] Saving file at /data_analysis/RogunHPP.SurfaceDXFtoNodesCSV.ipynb
[I 13:40:20.269 NotebookApp] Saving file at /data_analysis/RogunHPP.SurfaceDXFtoNodesCSV.ipynb
[I 13:44:20.266 NotebookApp] Saving file at /data_analysis/RogunHPP.SurfaceDXFtoNodesCSV.ipynb
[I 13:46:15.558 NotebookApp] Saving file at /data_analysis/RogunHPP.SurfaceDXFtoNodesCSV.ipynb
[I 13:48:19.635 NotebookApp] Saving file at /data_analysis/RogunHPP.SurfaceDXFtoNodesCSV.ipynb
[I 13:50:19.588 NotebookApp] Saving file at /data_analysis/RogunHPP.SurfaceDXFtoNodesCSV.ipynb
[I 13:52:19.577 NotebookApp] Saving file at /data_analysis/RogunHPP.SurfaceDXFtoNodesCSV.ipynb
[I 13:52:53.867 NotebookApp] Saving file at /data_analysis/RogunHPP.SurfaceDXFtoNodesCSV.ipynb
[I 13:53:22.707 NotebookApp] Saving file at /data_analysis/RogunHPP.SurfaceDXFtoNodesCSV.ipynb
[I 13:54:19.609 NotebookApp] Saving file at /data_analysis/RogunHPP.SurfaceDXFtoNodesCSV.ipynb
[I 13:56:03.403 NotebookApp] Saving file at /data_analysis/RogunHPP.SurfaceDXFtoNodesCSV.ipynb
[I 13:56:13.725 NotebookApp] Saving file at /data_analysis/RogunHPP.SurfaceDXFtoNodesCSV.ipynb
[I 13:56:19.717 NotebookApp] Kernel restarted: b7373cfa-4c01-487f-b4cd-47e63f6e5250
[I 13:56:20.545 NotebookApp] Adapting to protocol v5.1 for kernel b7373cfa-4c01-487f-b4cd-47e63f6e5250
[I 13:58:19.493 NotebookApp] Saving file at /data_analysis/RogunHPP.SurfaceDXFtoNodesCSV.ipynb
[I 14:00:19.432 NotebookApp] Saving file at /data_analysis/RogunHPP.SurfaceDXFtoNodesCSV.ipynb
[I 14:02:19.466 NotebookApp] Saving file at /data_analysis/RogunHPP.SurfaceDXFtoNodesCSV.ipynb
[I 14:03:54.526 NotebookApp] 302 GET / (187.74.207.171) 0.64ms
[I 14:03:54.528 NotebookApp] 302 GET / (187.74.207.171) 0.43ms
[I 14:03:54.533 NotebookApp] 302 GET / (187.74.207.171) 0.42ms
[I 14:18:19.472 NotebookApp] Saving file at /data_analysis/RogunHPP.SurfaceDXFtoNodesCSV.ipynb
[I 14:20:20.148 NotebookApp] Saving file at /data_analysis/RogunHPP.SurfaceDXFtoNodesCSV.ipynb
[I 14:22:04.814 NotebookApp] Saving file at /data_analysis/RogunHPP.SurfaceDXFtoNodesCSV.ipynb
[I 14:24:20.401 NotebookApp] Saving file at /data_analysis/RogunHPP.SurfaceDXFtoNodesCSV.ipynb
[I 14:28:20.479 NotebookApp] Saving file at /data_analysis/RogunHPP.SurfaceDXFtoNodesCSV.ipynb
[I 14:30:21.122 NotebookApp] Saving file at /data_analysis/RogunHPP.SurfaceDXFtoNodesCSV.ipynb
[I 14:42:21.134 NotebookApp] Saving file at /data_analysis/RogunHPP.SurfaceDXFtoNodesCSV.ipynb
[I 14:44:20.451 NotebookApp] Saving file at /data_analysis/RogunHPP.SurfaceDXFtoNodesCSV.ipynb
[I 14:48:20.472 NotebookApp] Saving file at /data_analysis/RogunHPP.SurfaceDXFtoNodesCSV.ipynb
[I 14:50:21.127 NotebookApp] Saving file at /data_analysis/RogunHPP.SurfaceDXFtoNodesCSV.ipynb
[I 14:54:07.067 NotebookApp] Saving file at /data_analysis/RogunHPP.SurfaceDXFtoNodesCSV.ipynb
[I 14:54:20.441 NotebookApp] Saving file at /data_analysis/RogunHPP.SurfaceDXFtoNodesCSV.ipynb
[I 14:56:21.181 NotebookApp] Saving file at /data_analysis/RogunHPP.SurfaceDXFtoNodesCSV.ipynb
[I 14:57:58.570 NotebookApp] Saving file at /data_analysis/RogunHPP.SurfaceDXFtoNodesCSV.ipynb
[I 14:58:02.379 NotebookApp] Saving file at /data_analysis/RogunHPP.SurfaceDXFtoNodesCSV.ipynb
[I 14:58:20.445 NotebookApp] Saving file at /data_analysis/RogunHPP.SurfaceDXFtoNodesCSV.ipynb
[I 14:59:24.720 NotebookApp] Saving file at /data_analysis/RogunHPP.SurfaceDXFtoNodesCSV.ipynb
[I 15:00:20.441 NotebookApp] Saving file at /data_analysis/RogunHPP.SurfaceDXFtoNodesCSV.ipynb
[I 15:10:20.439 NotebookApp] Saving file at /data_analysis/RogunHPP.SurfaceDXFtoNodesCSV.ipynb
[I 15:10:25.400 NotebookApp] Saving file at /data_analysis/RogunHPP.SurfaceDXFtoNodesCSV.ipynb
[I 15:10:36.345 NotebookApp] Saving file at /data_analysis/RogunHPP.SurfaceDXFtoNodesCSV.ipynb
[I 15:10:41.692 NotebookApp] Saving file at /data_analysis/RogunHPP.SurfaceDXFtoNodesCSV.ipynb
[I 15:11:13.502 NotebookApp] Saving file at /data_analysis/RogunHPP.SurfaceDXFtoNodesCSV.ipynb
[I 15:16:06.810 NotebookApp] Saving file at /data_analysis/RogunHPP.SurfaceDXFtoNodesCSV.ipynb
[I 15:16:19.430 NotebookApp] Saving file at /data_analysis/RogunHPP.SurfaceDXFtoNodesCSV.ipynb
[I 15:17:11.465 NotebookApp] Saving file at /data_analysis/RogunHPP.SurfaceDXFtoNodesCSV.ipynb
[I 15:17:39.728 NotebookApp] Saving file at /data_analysis/RogunHPP.SurfaceDXFtoNodesCSV.ipynb
[I 15:18:19.560 NotebookApp] Saving file at /data_analysis/RogunHPP.SurfaceDXFtoNodesCSV.ipynb
[I 15:19:32.542 NotebookApp] Saving file at /data_analysis/RogunHPP.SurfaceDXFtoNodesCSV.ipynb
[I 15:20:12.066 NotebookApp] Saving file at /data_analysis/RogunHPP.SurfaceDXFtoNodesCSV.ipynb
[I 15:20:19.471 NotebookApp] Saving file at /data_analysis/RogunHPP.SurfaceDXFtoNodesCSV.ipynb
[I 15:21:34.611 NotebookApp] Saving file at /data_analysis/RogunHPP.SurfaceDXFtoNodesCSV.ipynb
[I 15:23:30.839 NotebookApp] Saving file at /data_analysis/RogunHPP.SurfaceDXFtoNodesCSV.ipynb
[I 15:24:02.507 NotebookApp] Saving file at /data_analysis/RogunHPP.SurfaceDXFtoNodesCSV.ipynb
[I 15:25:20.337 NotebookApp] Saving file at /data_analysis/RogunHPP.SurfaceDXFtoNodesCSV.ipynb
[I 15:26:21.154 NotebookApp] Saving file at /data_analysis/RogunHPP.SurfaceDXFtoNodesCSV.ipynb
[I 15:29:44.326 NotebookApp] Saving file at /data_analysis/RogunHPP.SurfaceDXFtoNodesCSV.ipynb
[I 15:29:47.323 NotebookApp] Kernel restarted: b7373cfa-4c01-487f-b4cd-47e63f6e5250
[I 15:29:48.091 NotebookApp] Adapting to protocol v5.1 for kernel b7373cfa-4c01-487f-b4cd-47e63f6e5250
[I 15:30:20.429 NotebookApp] Saving file at /data_analysis/RogunHPP.SurfaceDXFtoNodesCSV.ipynb
[I 15:31:21.217 NotebookApp] Saving file at /data_analysis/RogunHPP.SurfaceDXFtoNodesCSV.ipynb
[I 15:31:44.886 NotebookApp] Saving file at /data_analysis/RogunHPP.SurfaceDXFtoNodesCSV.ipynb
[I 15:32:20.409 NotebookApp] Saving file at /data_analysis/RogunHPP.SurfaceDXFtoNodesCSV.ipynb
[I 15:32:34.348 NotebookApp] Saving file at /data_analysis/RogunHPP.SurfaceDXFtoNodesCSV.ipynb
[I 15:34:20.380 NotebookApp] Saving file at /data_analysis/RogunHPP.SurfaceDXFtoNodesCSV.ipynb
[I 15:35:08.224 NotebookApp] Saving file at /data_analysis/RogunHPP.SurfaceDXFtoNodesCSV.ipynb
[I 15:36:27.242 NotebookApp] Saving file at /data_analysis/RogunHPP.SurfaceDXFtoNodesCSV.ipynb
[I 15:42:21.132 NotebookApp] Saving file at /data_analysis/RogunHPP.SurfaceDXFtoNodesCSV.ipynb
[I 15:44:20.428 NotebookApp] Saving file at /data_analysis/RogunHPP.SurfaceDXFtoNodesCSV.ipynb
[I 15:46:20.428 NotebookApp] Saving file at /data_analysis/RogunHPP.SurfaceDXFtoNodesCSV.ipynb
[I 15:47:35.274 NotebookApp] Saving file at /data_analysis/RogunHPP.SurfaceDXFtoNodesCSV.ipynb
[I 15:48:19.819 NotebookApp] Saving file at /data_analysis/RogunHPP.SurfaceDXFtoNodesCSV.ipynb
[I 15:50:19.533 NotebookApp] Saving file at /data_analysis/RogunHPP.SurfaceDXFtoNodesCSV.ipynb
[I 15:52:19.481 NotebookApp] Saving file at /data_analysis/RogunHPP.SurfaceDXFtoNodesCSV.ipynb
[I 15:54:19.512 NotebookApp] Saving file at /data_analysis/RogunHPP.SurfaceDXFtoNodesCSV.ipynb
[I 15:54:27.363 NotebookApp] Saving file at /data_analysis/RogunHPP.SurfaceDXFtoNodesCSV.ipynb
[I 15:54:29.847 NotebookApp] Saving file at /data_analysis/RogunHPP.SurfaceDXFtoNodesCSV.ipynb
[I 15:54:39.929 NotebookApp] Saving file at /data_analysis/RogunHPP.SurfaceDXFtoNodesCSV.ipynb
[I 15:55:12.107 NotebookApp] Saving file at /data_analysis/RogunHPP.SurfaceDXFtoNodesCSV.ipynb
[I 15:56:19.527 NotebookApp] Saving file at /data_analysis/RogunHPP.SurfaceDXFtoNodesCSV.ipynb
[I 15:58:19.512 NotebookApp] Saving file at /data_analysis/RogunHPP.SurfaceDXFtoNodesCSV.ipynb
[W 15:58:19.918 NotebookApp] 404 GET /manager/html (58.218.66.104) 1.72ms referer=None
[I 16:00:07.199 NotebookApp] Kernel restarted: b7373cfa-4c01-487f-b4cd-47e63f6e5250
[I 16:00:07.960 NotebookApp] Adapting to protocol v5.1 for kernel b7373cfa-4c01-487f-b4cd-47e63f6e5250
[I 16:00:19.849 NotebookApp] Saving file at /data_analysis/RogunHPP.SurfaceDXFtoNodesCSV.ipynb
[I 16:00:35.533 NotebookApp] Saving file at /data_analysis/RogunHPP.SurfaceDXFtoNodesCSV.ipynb
[I 16:00:57.075 NotebookApp] Kernel restarted: b7373cfa-4c01-487f-b4cd-47e63f6e5250
[I 16:00:57.806 NotebookApp] Adapting to protocol v5.1 for kernel b7373cfa-4c01-487f-b4cd-47e63f6e5250
[I 16:02:19.839 NotebookApp] Saving file at /data_analysis/RogunHPP.SurfaceDXFtoNodesCSV.ipynb
[I 16:04:20.895 NotebookApp] Saving file at /data_analysis/RogunHPP.SurfaceDXFtoNodesCSV.ipynb
[I 16:04:54.122 NotebookApp] Saving file at /data_analysis/RogunHPP.SurfaceDXFtoNodesCSV.ipynb
[I 16:05:44.858 NotebookApp] Kernel restarted: b7373cfa-4c01-487f-b4cd-47e63f6e5250
[I 16:05:45.642 NotebookApp] Adapting to protocol v5.1 for kernel b7373cfa-4c01-487f-b4cd-47e63f6e5250
[I 16:06:19.793 NotebookApp] Saving file at /data_analysis/RogunHPP.SurfaceDXFtoNodesCSV.ipynb
[W 16:14:31.958 NotebookApp] 404 GET http://www.epochtimes.com/ (114.221.124.223) 1.98ms referer=None
[W 16:14:32.030 NotebookApp] 404 GET http://www.123cha.com/ (1.30.25.234) 1.33ms referer=None
[W 16:14:32.554 NotebookApp] 404 GET http://www.rfa.org/english/ (106.114.70.65) 1.42ms referer=None
[W 16:14:33.486 NotebookApp] 404 GET http://www.minghui.org/ (125.84.179.47) 1.45ms referer=None
[W 16:14:34.485 NotebookApp] 404 GET http://www.wujieliulan.com/ (120.36.123.86) 1.52ms referer=None
[W 16:15:20.110 NotebookApp] 405 CONNECT cn.bing.com:443 (150.255.33.22) 1.84ms referer=None
[I 16:30:06.732 NotebookApp] Saving file at /data_analysis/RogunHPP.SurfaceDXFtoNodesCSV.ipynb
[I 16:30:59.902 NotebookApp] Saving file at /data_analysis/RogunHPP.SurfaceDXFtoNodesCSV.ipynb
[I 16:31:27.293 NotebookApp] Saving file at /data_analysis/RogunHPP.SurfaceDXFtoNodesCSV.ipynb
[I 16:32:19.793 NotebookApp] Saving file at /data_analysis/RogunHPP.SurfaceDXFtoNodesCSV.ipynb
[I 16:32:24.137 NotebookApp] Saving file at /data_analysis/RogunHPP.SurfaceDXFtoNodesCSV.ipynb
[I 16:38:19.654 NotebookApp] Saving file at /data_analysis/RogunHPP.SurfaceDXFtoNodesCSV.ipynb
[I 16:39:53.812 NotebookApp] Saving file at /data_analysis/RogunHPP.SurfaceDXFtoNodesCSV.ipynb
[I 16:40:07.600 NotebookApp] Saving file at /data_analysis/RogunHPP.SurfaceDXFtoNodesCSV.ipynb
[I 16:40:19.608 NotebookApp] Saving file at /data_analysis/RogunHPP.SurfaceDXFtoNodesCSV.ipynb
[I 16:40:23.485 NotebookApp] Saving file at /data_analysis/RogunHPP.SurfaceDXFtoNodesCSV.ipynb
[I 16:41:01.242 NotebookApp] Saving file at /data_analysis/RogunHPP.SurfaceDXFtoNodesCSV.ipynb
[I 16:42:20.010 NotebookApp] Saving file at /data_analysis/RogunHPP.SurfaceDXFtoNodesCSV.ipynb
[I 16:44:20.001 NotebookApp] Saving file at /data_analysis/RogunHPP.SurfaceDXFtoNodesCSV.ipynb
[I 16:44:27.193 NotebookApp] Saving file at /data_analysis/RogunHPP.SurfaceDXFtoNodesCSV.ipynb
[I 16:44:47.295 NotebookApp] Saving file at /data_analysis/RogunHPP.SurfaceDXFtoNodesCSV.ipynb
[I 16:46:09.768 NotebookApp] Saving file at /data_analysis/RogunHPP.SurfaceDXFtoNodesCSV.ipynb
[I 16:46:19.606 NotebookApp] Saving file at /data_analysis/RogunHPP.SurfaceDXFtoNodesCSV.ipynb
[I 16:46:27.644 NotebookApp] Saving file at /data_analysis/RogunHPP.SurfaceDXFtoNodesCSV.ipynb
[I 16:46:46.504 NotebookApp] Kernel restarted: b7373cfa-4c01-487f-b4cd-47e63f6e5250
[I 16:46:47.566 NotebookApp] Adapting to protocol v5.1 for kernel b7373cfa-4c01-487f-b4cd-47e63f6e5250
[I 16:47:24.665 NotebookApp] 302 GET / (36.237.101.90) 0.69ms
[I 16:47:36.751 NotebookApp] Kernel restarted: b7373cfa-4c01-487f-b4cd-47e63f6e5250
[I 16:47:37.543 NotebookApp] Adapting to protocol v5.1 for kernel b7373cfa-4c01-487f-b4cd-47e63f6e5250
[I 16:48:19.600 NotebookApp] Saving file at /data_analysis/RogunHPP.SurfaceDXFtoNodesCSV.ipynb
[I 16:50:19.681 NotebookApp] Saving file at /data_analysis/RogunHPP.SurfaceDXFtoNodesCSV.ipynb
[I 16:51:28.953 NotebookApp] Saving file at /data_analysis/RogunHPP.SurfaceDXFtoNodesCSV.ipynb
[I 16:51:34.218 NotebookApp] Kernel restarted: b7373cfa-4c01-487f-b4cd-47e63f6e5250
[I 16:51:34.961 NotebookApp] Adapting to protocol v5.1 for kernel b7373cfa-4c01-487f-b4cd-47e63f6e5250
[I 16:52:19.668 NotebookApp] Saving file at /data_analysis/RogunHPP.SurfaceDXFtoNodesCSV.ipynb
[I 16:54:19.674 NotebookApp] Saving file at /data_analysis/RogunHPP.SurfaceDXFtoNodesCSV.ipynb
[I 16:54:21.281 NotebookApp] Kernel restarted: b7373cfa-4c01-487f-b4cd-47e63f6e5250
[I 16:54:22.209 NotebookApp] Adapting to protocol v5.1 for kernel b7373cfa-4c01-487f-b4cd-47e63f6e5250
[I 16:55:29.444 NotebookApp] Saving file at /data_analysis/RogunHPP.SurfaceDXFtoNodesCSV.ipynb
[I 16:55:55.410 NotebookApp] Saving file at /data_analysis/RogunHPP.SurfaceDXFtoNodesCSV.ipynb
[I 16:56:19.698 NotebookApp] Saving file at /data_analysis/RogunHPP.SurfaceDXFtoNodesCSV.ipynb
[I 16:57:04.498 NotebookApp] Saving file at /data_analysis/RogunHPP.SurfaceDXFtoNodesCSV.ipynb
[I 16:58:19.649 NotebookApp] Saving file at /data_analysis/RogunHPP.SurfaceDXFtoNodesCSV.ipynb
[E 16:58:55.954 NotebookApp] Exception restarting kernel
    Traceback (most recent call last):
      File "/usr/local/lib/python2.7/dist-packages/notebook/services/kernels/handlers.py", line 90, in post
        yield gen.maybe_future(km.restart_kernel(kernel_id))
      File "/usr/local/lib/python2.7/dist-packages/notebook/services/kernels/kernelmanager.py", line 120, in restart_kernel
        self._check_kernel_id(kernel_id)
      File "/usr/local/lib/python2.7/dist-packages/notebook/services/kernels/kernelmanager.py", line 199, in _check_kernel_id
        raise web.HTTPError(404, u'Kernel does not exist: %s' % kernel_id)
    HTTPError: HTTP 404: Not Found (Kernel does not exist: 467c5df8-79e9-43a6-a77b-2649ec39a432)
[E 16:58:55.982 NotebookApp] {
      "Origin": "http://gis.jkaelin.com:8080", 
      "Content-Length": "0", 
      "Accept-Language": "en-US,en;q=0.9,de-CH;q=0.8,de;q=0.7,es-US;q=0.6,es;q=0.5", 
      "Accept-Encoding": "gzip, deflate", 
      "X-Xsrftoken": "2|86a1dfbf|f06fb9c19bd0e68eabdaa013086df434|1504010528", 
      "Host": "gis.jkaelin.com:8080", 
      "Accept": "application/json, text/javascript, */*; q=0.01", 
      "User-Agent": "Mozilla/5.0 (X11; CrOS x86_64 10895.56.0) AppleWebKit/537.36 (KHTML, like Gecko) Chrome/69.0.3497.95 Safari/537.36", 
      "Connection": "keep-alive", 
      "X-Requested-With": "XMLHttpRequest", 
      "Referer": "http://gis.jkaelin.com:8080/notebooks/data_analysis/RogunHPP.SetupBasemaps.r2.ipynb", 
      "Cookie": "_xsrf=2|86a1dfbf|f06fb9c19bd0e68eabdaa013086df434|1504010528; username-gis-jkaelin-com-8080=\"2|1:0|10:1539520215|29:username-gis-jkaelin-com-8080|44:OWJkMDZlZTg4YzZlNGIwMGFlYWMzMTQ5NzVkYTVmYzU=|6c051da9096d0d727f289d1ad64f730c34b8971ba05362045b79d57899fd2c11\""
    }
[E 16:58:55.982 NotebookApp] 500 POST /api/kernels/467c5df8-79e9-43a6-a77b-2649ec39a432/restart (80.254.184.33) 28.54ms referer=http://gis.jkaelin.com:8080/notebooks/data_analysis/RogunHPP.SetupBasemaps.r2.ipynb
[W 16:58:56.069 NotebookApp] Session not found: session_id=u'250f355c-abdf-4e05-9c86-f65a203e90b9'
[W 16:58:56.070 NotebookApp] 404 DELETE /api/sessions/250f355c-abdf-4e05-9c86-f65a203e90b9 (80.254.184.33) 49.67ms referer=http://gis.jkaelin.com:8080/notebooks/data_analysis/RogunHPP.SetupBasemaps.r2.ipynb
[I 16:58:56.137 NotebookApp] Kernel started: 54685d48-a53d-49b7-8843-cccd61a96866
[I 16:58:56.791 NotebookApp] Adapting to protocol v5.1 for kernel 54685d48-a53d-49b7-8843-cccd61a96866
[I 16:59:14.780 NotebookApp] Kernel restarted: b7373cfa-4c01-487f-b4cd-47e63f6e5250
[I 16:59:15.547 NotebookApp] Adapting to protocol v5.1 for kernel b7373cfa-4c01-487f-b4cd-47e63f6e5250
[I 17:00:22.462 NotebookApp] Saving file at /data_analysis/RogunHPP.SurfaceDXFtoNodesCSV.ipynb
[I 17:00:38.547 NotebookApp] Saving file at /data_analysis/RogunHPP.SetupBasemaps.r2.ipynb
[I 17:10:37.672 NotebookApp] Saving file at /data_analysis/RogunHPP.SurfaceDXFtoNodesCSV.ipynb
[I 17:11:10.391 NotebookApp] Saving file at /data_analysis/RogunHPP.SurfaceDXFtoNodesCSV.ipynb
[I 17:11:24.267 NotebookApp] Saving file at /data_analysis/RogunHPP.SurfaceDXFtoNodesCSV.ipynb
[I 17:11:48.821 NotebookApp] Kernel restarted: b7373cfa-4c01-487f-b4cd-47e63f6e5250
[I 17:11:49.899 NotebookApp] Adapting to protocol v5.1 for kernel b7373cfa-4c01-487f-b4cd-47e63f6e5250
[I 17:12:20.794 NotebookApp] Saving file at /data_analysis/RogunHPP.SurfaceDXFtoNodesCSV.ipynb
[I 17:16:12.320 NotebookApp] Saving file at /data_analysis/RogunHPP.SurfaceDXFtoNodesCSV.ipynb
[I 17:16:15.921 NotebookApp] Saving file at /data_analysis/RogunHPP.SurfaceDXFtoNodesCSV.ipynb
[I 17:16:19.994 NotebookApp] Saving file at /data_analysis/RogunHPP.SurfaceDXFtoNodesCSV.ipynb
[I 17:16:32.487 NotebookApp] Saving file at /data_analysis/RogunHPP.SurfaceDXFtoNodesCSV.ipynb
[I 17:18:20.048 NotebookApp] Saving file at /data_analysis/RogunHPP.SurfaceDXFtoNodesCSV.ipynb
[I 17:19:15.995 NotebookApp] Kernel restarted: b7373cfa-4c01-487f-b4cd-47e63f6e5250
[I 17:19:16.718 NotebookApp] Adapting to protocol v5.1 for kernel b7373cfa-4c01-487f-b4cd-47e63f6e5250
[I 17:20:20.531 NotebookApp] Saving file at /data_analysis/RogunHPP.SurfaceDXFtoNodesCSV.ipynb
[I 17:22:20.026 NotebookApp] Saving file at /data_analysis/RogunHPP.SurfaceDXFtoNodesCSV.ipynb
[I 17:22:29.321 NotebookApp] Saving file at /data_analysis/RogunHPP.SurfaceDXFtoNodesCSV.ipynb
[I 17:23:24.668 NotebookApp] Kernel restarted: 54685d48-a53d-49b7-8843-cccd61a96866
[I 17:23:25.470 NotebookApp] Adapting to protocol v5.1 for kernel 54685d48-a53d-49b7-8843-cccd61a96866
[I 17:24:40.254 NotebookApp] Saving file at /data_analysis/RogunHPP.SetupBasemaps.r2.ipynb
[I 17:26:20.005 NotebookApp] Saving file at /data_analysis/RogunHPP.SurfaceDXFtoNodesCSV.ipynb
[I 17:32:03.263 NotebookApp] Saving file at /data_analysis/RogunHPP.SurfaceDXFtoNodesCSV.ipynb
[I 17:34:20.713 NotebookApp] Saving file at /data_analysis/RogunHPP.SurfaceDXFtoNodesCSV.ipynb
[I 17:36:53.018 NotebookApp] Saving file at /data_analysis/RogunHPP.SetupBasemaps.r2.ipynb
[I 17:36:57.568 NotebookApp] Kernel restarted: 54685d48-a53d-49b7-8843-cccd61a96866
[I 17:36:58.328 NotebookApp] Adapting to protocol v5.1 for kernel 54685d48-a53d-49b7-8843-cccd61a96866
[I 17:37:25.550 NotebookApp] Saving file at /data_analysis/RogunHPP.SetupBasemaps.r2.ipynb
[I 17:38:46.933 NotebookApp] Saving file at /data_analysis/RogunHPP.SurfaceDXFtoNodesCSV.ipynb
[I 17:39:05.909 NotebookApp] Saving file at /data_analysis/RogunHPP.SurfaceDXFtoNodesCSV.ipynb
[I 17:39:11.101 NotebookApp] Kernel restarted: b7373cfa-4c01-487f-b4cd-47e63f6e5250
[I 17:39:12.168 NotebookApp] Adapting to protocol v5.1 for kernel b7373cfa-4c01-487f-b4cd-47e63f6e5250
[I 17:40:20.027 NotebookApp] Saving file at /data_analysis/RogunHPP.SurfaceDXFtoNodesCSV.ipynb
[I 17:41:20.858 NotebookApp] Saving file at /data_analysis/RogunHPP.SurfaceDXFtoNodesCSV.ipynb
[I 17:43:20.737 NotebookApp] Saving file at /data_analysis/RogunHPP.SurfaceDXFtoNodesCSV.ipynb
[I 17:44:20.707 NotebookApp] Saving file at /data_analysis/RogunHPP.SurfaceDXFtoNodesCSV.ipynb
[I 17:46:08.838 NotebookApp] Saving file at /data_analysis/RogunHPP.SurfaceDXFtoNodesCSV.ipynb
[I 17:46:20.931 NotebookApp] Saving file at /data_analysis/RogunHPP.SurfaceDXFtoNodesCSV.ipynb
[I 17:48:21.032 NotebookApp] Saving file at /data_analysis/RogunHPP.SurfaceDXFtoNodesCSV.ipynb
[I 17:49:23.065 NotebookApp] Saving file at /data_analysis/RogunHPP.SetupBasemaps.r2.ipynb
[I 17:50:06.292 NotebookApp] Saving file at /data_analysis/RogunHPP.SurfaceDXFtoNodesCSV.ipynb
[I 17:50:21.012 NotebookApp] Saving file at /data_analysis/RogunHPP.SurfaceDXFtoNodesCSV.ipynb
[I 17:52:20.978 NotebookApp] Saving file at /data_analysis/RogunHPP.SurfaceDXFtoNodesCSV.ipynb
[I 17:54:21.060 NotebookApp] Saving file at /data_analysis/RogunHPP.SurfaceDXFtoNodesCSV.ipynb
[I 17:55:01.733 NotebookApp] Saving file at /data_analysis/RogunHPP.SurfaceDXFtoNodesCSV.ipynb
[I 17:55:27.120 NotebookApp] Saving file at /data_analysis/RogunHPP.SurfaceDXFtoNodesCSV.ipynb
[I 17:55:39.852 NotebookApp] Kernel restarted: b7373cfa-4c01-487f-b4cd-47e63f6e5250
[I 17:55:40.642 NotebookApp] Adapting to protocol v5.1 for kernel b7373cfa-4c01-487f-b4cd-47e63f6e5250
[I 17:56:20.465 NotebookApp] Saving file at /data_analysis/RogunHPP.SurfaceDXFtoNodesCSV.ipynb
[I 17:57:56.561 NotebookApp] Saving file at /data_analysis/RogunHPP.SurfaceDXFtoNodesCSV.ipynb
[I 17:58:00.788 NotebookApp] Kernel restarted: b7373cfa-4c01-487f-b4cd-47e63f6e5250
[I 17:58:01.841 NotebookApp] Adapting to protocol v5.1 for kernel b7373cfa-4c01-487f-b4cd-47e63f6e5250
[I 17:58:20.326 NotebookApp] Saving file at /data_analysis/RogunHPP.SurfaceDXFtoNodesCSV.ipynb
[I 17:59:54.893 NotebookApp] Saving file at /data_analysis/RogunHPP.SurfaceDXFtoNodesCSV.ipynb
[I 18:01:36.127 NotebookApp] Kernel restarted: b7373cfa-4c01-487f-b4cd-47e63f6e5250
[I 18:01:36.899 NotebookApp] Adapting to protocol v5.1 for kernel b7373cfa-4c01-487f-b4cd-47e63f6e5250
[I 18:02:04.361 NotebookApp] Saving file at /data_analysis/RogunHPP.SurfaceDXFtoNodesCSV.ipynb
[I 18:02:16.692 NotebookApp] Saving file at /data_analysis/RogunHPP.SurfaceDXFtoNodesCSV.ipynb
[I 18:02:29.795 NotebookApp] Saving file at /data_analysis/RogunHPP.SurfaceDXFtoNodesCSV.ipynb
[I 18:03:36.073 NotebookApp] Kernel restarted: b7373cfa-4c01-487f-b4cd-47e63f6e5250
[I 18:03:37.585 NotebookApp] Adapting to protocol v5.1 for kernel b7373cfa-4c01-487f-b4cd-47e63f6e5250
[I 18:04:18.859 NotebookApp] Saving file at /data_analysis/RogunHPP.SurfaceDXFtoNodesCSV.ipynb
[I 18:05:19.101 NotebookApp] Saving file at /data_analysis/RogunHPP.SurfaceDXFtoNodesCSV.ipynb
[I 18:05:27.590 NotebookApp] Kernel restarted: b7373cfa-4c01-487f-b4cd-47e63f6e5250
[I 18:05:28.661 NotebookApp] Adapting to protocol v5.1 for kernel b7373cfa-4c01-487f-b4cd-47e63f6e5250
[I 18:06:20.296 NotebookApp] Saving file at /data_analysis/RogunHPP.SurfaceDXFtoNodesCSV.ipynb
[I 18:08:20.049 NotebookApp] Saving file at /data_analysis/RogunHPP.SurfaceDXFtoNodesCSV.ipynb
[I 18:08:26.689 NotebookApp] Saving file at /data_analysis/RogunHPP.SurfaceDXFtoNodesCSV.ipynb
[I 18:08:27.099 NotebookApp] Saving file at /data_analysis/RogunHPP.SurfaceDXFtoNodesCSV.ipynb
[I 18:12:14.662 NotebookApp] Saving file at /data_analysis/RogunHPP.SurfaceDXFtoNodesCSV.ipynb
[I 18:12:17.255 NotebookApp] Kernel restarted: b7373cfa-4c01-487f-b4cd-47e63f6e5250
[I 18:12:18.012 NotebookApp] Adapting to protocol v5.1 for kernel b7373cfa-4c01-487f-b4cd-47e63f6e5250
[I 18:12:19.354 NotebookApp] Saving file at /data_analysis/RogunHPP.SurfaceDXFtoNodesCSV.ipynb
ERROR: East must be larger than West
[I 18:14:19.747 NotebookApp] Saving file at /data_analysis/RogunHPP.SurfaceDXFtoNodesCSV.ipynb
[I 18:15:39.154 NotebookApp] Saving file at /data_analysis/RogunHPP.SurfaceDXFtoNodesCSV.ipynb
[I 18:15:42.539 NotebookApp] Kernel restarted: b7373cfa-4c01-487f-b4cd-47e63f6e5250
[I 18:15:43.327 NotebookApp] Adapting to protocol v5.1 for kernel b7373cfa-4c01-487f-b4cd-47e63f6e5250
[I 18:16:20.382 NotebookApp] Saving file at /data_analysis/RogunHPP.SurfaceDXFtoNodesCSV.ipynb
[I 18:16:36.465 NotebookApp] Saving file at /data_analysis/RogunHPP.SurfaceDXFtoNodesCSV.ipynb
[E 18:16:55.921 NotebookApp] Exception restarting kernel
    Traceback (most recent call last):
      File "/usr/local/lib/python2.7/dist-packages/notebook/services/kernels/handlers.py", line 90, in post
        yield gen.maybe_future(km.restart_kernel(kernel_id))
      File "/usr/local/lib/python2.7/dist-packages/notebook/services/kernels/kernelmanager.py", line 120, in restart_kernel
        self._check_kernel_id(kernel_id)
      File "/usr/local/lib/python2.7/dist-packages/notebook/services/kernels/kernelmanager.py", line 199, in _check_kernel_id
        raise web.HTTPError(404, u'Kernel does not exist: %s' % kernel_id)
    HTTPError: HTTP 404: Not Found (Kernel does not exist: 93ee846d-3c84-443c-a95a-4a0c74366fc1)
[E 18:16:55.922 NotebookApp] {
      "Origin": "http://gis.jkaelin.com:8080", 
      "Content-Length": "0", 
      "Accept-Language": "en-US,en;q=0.9,de-CH;q=0.8,de;q=0.7,es-US;q=0.6,es;q=0.5", 
      "Accept-Encoding": "gzip, deflate", 
      "X-Xsrftoken": "2|86a1dfbf|f06fb9c19bd0e68eabdaa013086df434|1504010528", 
      "Host": "gis.jkaelin.com:8080", 
      "Accept": "application/json, text/javascript, */*; q=0.01", 
      "User-Agent": "Mozilla/5.0 (X11; CrOS x86_64 10895.56.0) AppleWebKit/537.36 (KHTML, like Gecko) Chrome/69.0.3497.95 Safari/537.36", 
      "Connection": "keep-alive", 
      "X-Requested-With": "XMLHttpRequest", 
      "Referer": "http://gis.jkaelin.com:8080/notebooks/data_analysis/RogunHPP.PowerhouseDataAnalysis.ipynb", 
      "Cookie": "_xsrf=2|86a1dfbf|f06fb9c19bd0e68eabdaa013086df434|1504010528; username-gis-jkaelin-com-8080=\"2|1:0|10:1539520215|29:username-gis-jkaelin-com-8080|44:OWJkMDZlZTg4YzZlNGIwMGFlYWMzMTQ5NzVkYTVmYzU=|6c051da9096d0d727f289d1ad64f730c34b8971ba05362045b79d57899fd2c11\""
    }
[E 18:16:55.922 NotebookApp] 500 POST /api/kernels/93ee846d-3c84-443c-a95a-4a0c74366fc1/restart (80.254.184.33) 1.65ms referer=http://gis.jkaelin.com:8080/notebooks/data_analysis/RogunHPP.PowerhouseDataAnalysis.ipynb
[W 18:16:56.081 NotebookApp] Session not found: session_id=u'204d4dd4-bbf2-4502-a59a-517a047b6c99'
[W 18:16:56.082 NotebookApp] 404 DELETE /api/sessions/204d4dd4-bbf2-4502-a59a-517a047b6c99 (80.254.184.33) 1.94ms referer=http://gis.jkaelin.com:8080/notebooks/data_analysis/RogunHPP.PowerhouseDataAnalysis.ipynb
[I 18:16:56.144 NotebookApp] Kernel started: 659633e3-4083-4a34-9427-48700676a17b
[I 18:16:56.962 NotebookApp] Adapting to protocol v5.1 for kernel 659633e3-4083-4a34-9427-48700676a17b
[W 18:17:09.977 NotebookApp] 404 GET /nbextensions/widgets/notebook/js/extension.js?v=20181014113501 (80.254.184.33) 1.83ms referer=http://gis.jkaelin.com:8080/notebooks/data_analysis/RogunHPP.PowerhouseDataAnalysis.ipynb
[I 18:17:19.101 NotebookApp] Adapting to protocol v5.1 for kernel 659633e3-4083-4a34-9427-48700676a17b
[I 18:17:33.903 NotebookApp] Kernel restarted: 659633e3-4083-4a34-9427-48700676a17b
[I 18:17:36.565 NotebookApp] Adapting to protocol v5.1 for kernel 659633e3-4083-4a34-9427-48700676a17b
Xlib:  extension "XInputExtension" missing on display ":1.0".
[I 18:19:24.826 NotebookApp] Saving file at /data_analysis/RogunHPP.PowerhouseDataAnalysis.ipynb
[I 18:20:38.049 NotebookApp] Saving file at /data_analysis/RogunHPP.SurfaceDXFtoNodesCSV.ipynb
[I 18:21:25.354 NotebookApp] Saving file at /data_analysis/RogunHPP.SurfaceDXFtoNodesCSV.ipynb
[I 18:21:25.891 NotebookApp] Saving file at /data_analysis/RogunHPP.SurfaceDXFtoNodesCSV.ipynb
[I 18:23:18.250 NotebookApp] Saving file at /data_analysis/RogunHPP.PowerhouseDataAnalysis.ipynb
[I 18:23:51.181 NotebookApp] Saving file at /data_analysis/RogunHPP.SurfaceDXFtoNodesCSV.ipynb
[I 18:24:20.109 NotebookApp] Saving file at /data_analysis/RogunHPP.SurfaceDXFtoNodesCSV.ipynb
[I 18:24:33.919 NotebookApp] Kernel restarted: b7373cfa-4c01-487f-b4cd-47e63f6e5250
[I 18:24:34.678 NotebookApp] Adapting to protocol v5.1 for kernel b7373cfa-4c01-487f-b4cd-47e63f6e5250
[I 18:26:21.220 NotebookApp] Saving file at /data_analysis/RogunHPP.SurfaceDXFtoNodesCSV.ipynb
